<?xml version="1.0" encoding="UTF-8"?>
<testng-results ignored="0" total="3" passed="3" failed="0" skipped="0">
  <reporter-output>
  </reporter-output>
  <suite started-at="2022-05-15T16:51:33 BST" name="Suite" finished-at="2022-05-15T16:51:39 BST" duration-ms="5831">
    <groups>
    </groups>
    <test started-at="2022-05-15T16:51:33 BST" name="Test" finished-at="2022-05-15T16:51:39 BST" duration-ms="5831">
      <class name="WinAppDriver.WinAppDriver.NotepadTest">
        <test-method is-config="true" signature="setUp()[pri:0, instance:WinAppDriver.WinAppDriver.NotepadTest@22ef9844]" started-at="2022-05-15T16:51:33 BST" name="setUp" finished-at="2022-05-15T16:51:34 BST" duration-ms="761" status="PASS">
          <reporter-output>
          </reporter-output>
        </test-method> <!-- setUp -->
        <test-method signature="checkHelpAboutNowTest()[pri:1, instance:WinAppDriver.WinAppDriver.NotepadTest@22ef9844]" started-at="2022-05-15T16:51:34 BST" name="checkHelpAboutNowTest" finished-at="2022-05-15T16:51:35 BST" duration-ms="999" status="PASS">
          <reporter-output>
          </reporter-output>
        </test-method> <!-- checkHelpAboutNowTest -->
        <test-method is-config="true" signature="CleanUp()[pri:0, instance:WinAppDriver.WinAppDriver.NotepadTest@22ef9844]" started-at="2022-05-15T16:51:35 BST" name="CleanUp" finished-at="2022-05-15T16:51:35 BST" duration-ms="0" status="PASS">
          <reporter-output>
          </reporter-output>
        </test-method> <!-- CleanUp -->
        <test-method is-config="true" signature="tearDown()[pri:0, instance:WinAppDriver.WinAppDriver.NotepadTest@22ef9844]" started-at="2022-05-15T16:51:35 BST" name="tearDown" finished-at="2022-05-15T16:51:35 BST" duration-ms="71" status="PASS">
          <reporter-output>
          </reporter-output>
        </test-method> <!-- tearDown -->
        <test-method is-config="true" signature="setUp()[pri:0, instance:WinAppDriver.WinAppDriver.NotepadTest@22ef9844]" started-at="2022-05-15T16:51:35 BST" name="setUp" finished-at="2022-05-15T16:51:36 BST" duration-ms="351" status="PASS">
          <reporter-output>
          </reporter-output>
        </test-method> <!-- setUp -->
        <test-method signature="sendTextTest()[pri:2, instance:WinAppDriver.WinAppDriver.NotepadTest@22ef9844]" started-at="2022-05-15T16:51:36 BST" name="sendTextTest" finished-at="2022-05-15T16:51:38 BST" duration-ms="2414" status="PASS">
          <reporter-output>
          </reporter-output>
        </test-method> <!-- sendTextTest -->
        <test-method is-config="true" signature="tearDown()[pri:0, instance:WinAppDriver.WinAppDriver.NotepadTest@22ef9844]" started-at="2022-05-15T16:51:38 BST" name="tearDown" finished-at="2022-05-15T16:51:38 BST" duration-ms="68" status="PASS">
          <reporter-output>
          </reporter-output>
        </test-method> <!-- tearDown -->
        <test-method is-config="true" signature="CleanUp()[pri:0, instance:WinAppDriver.WinAppDriver.NotepadTest@22ef9844]" started-at="2022-05-15T16:51:38 BST" name="CleanUp" finished-at="2022-05-15T16:51:38 BST" duration-ms="0" status="PASS">
          <reporter-output>
          </reporter-output>
        </test-method> <!-- CleanUp -->
        <test-method is-config="true" signature="setUp()[pri:0, instance:WinAppDriver.WinAppDriver.NotepadTest@22ef9844]" started-at="2022-05-15T16:51:38 BST" name="setUp" finished-at="2022-05-15T16:51:38 BST" duration-ms="331" status="PASS">
          <reporter-output>
          </reporter-output>
        </test-method> <!-- setUp -->
        <test-method signature="enterTimeAndDateTest()[pri:3, instance:WinAppDriver.WinAppDriver.NotepadTest@22ef9844]" started-at="2022-05-15T16:51:38 BST" name="enterTimeAndDateTest" finished-at="2022-05-15T16:51:39 BST" duration-ms="729" status="PASS">
          <reporter-output>
          </reporter-output>
        </test-method> <!-- enterTimeAndDateTest -->
        <test-method is-config="true" signature="CleanUp()[pri:0, instance:WinAppDriver.WinAppDriver.NotepadTest@22ef9844]" started-at="2022-05-15T16:51:39 BST" name="CleanUp" finished-at="2022-05-15T16:51:39 BST" duration-ms="0" status="PASS">
          <reporter-output>
          </reporter-output>
        </test-method> <!-- CleanUp -->
        <test-method is-config="true" signature="tearDown()[pri:0, instance:WinAppDriver.WinAppDriver.NotepadTest@22ef9844]" started-at="2022-05-15T16:51:39 BST" name="tearDown" finished-at="2022-05-15T16:51:39 BST" duration-ms="72" status="PASS">
          <reporter-output>
          </reporter-output>
        </test-method> <!-- tearDown -->
        <test-method is-config="true" signature="tearDown()[pri:0, instance:WinAppDriver.WinAppDriver.NotepadTest@22ef9844]" started-at="2022-05-15T16:51:39 BST" name="tearDown" finished-at="2022-05-15T16:51:39 BST" duration-ms="1" status="FAIL">
          <exception class="org.openqa.selenium.NoSuchSessionException">
            <message>
              <![CDATA[Session ID is null. Using WebDriver after calling quit()?
Build info: version: '3.141.59', revision: 'e82be7d358', time: '2018-11-14T08:17:03'
System info: host: 'NPD-LT08', ip: '10.1.0.78', os.name: 'Windows 10', os.arch: 'amd64', os.version: '10.0', java.version: '11.0.14.1'
Driver info: driver.version: WindowsDriver]]>
            </message>
            <full-stacktrace>
              <![CDATA[org.openqa.selenium.NoSuchSessionException: Session ID is null. Using WebDriver after calling quit()?
Build info: version: '3.141.59', revision: 'e82be7d358', time: '2018-11-14T08:17:03'
System info: host: 'NPD-LT08', ip: '10.1.0.78', os.name: 'Windows 10', os.arch: 'amd64', os.version: '10.0', java.version: '11.0.14.1'
Driver info: driver.version: WindowsDriver
at org.openqa.selenium.remote.HttpCommandExecutor.execute(HttpCommandExecutor.java:125)
at io.appium.java_client.remote.AppiumCommandExecutor.execute(AppiumCommandExecutor.java:250)
at org.openqa.selenium.remote.RemoteWebDriver.execute(RemoteWebDriver.java:552)
at io.appium.java_client.DefaultGenericMobileDriver.execute(DefaultGenericMobileDriver.java:41)
at io.appium.java_client.AppiumDriver.execute(AppiumDriver.java:1)
at io.appium.java_client.windows.WindowsDriver.execute(WindowsDriver.java:1)
at org.openqa.selenium.remote.RemoteWebDriver$RemoteWebDriverOptions$RemoteTimeouts.implicitlyWait(RemoteWebDriver.java:780)
at WinAppDriver.WinAppDriver.NotepadTest.tearDown(NotepadTest.java:46)
at java.base/jdk.internal.reflect.NativeMethodAccessorImpl.invoke0(Native Method)
at java.base/jdk.internal.reflect.NativeMethodAccessorImpl.invoke(NativeMethodAccessorImpl.java:62)
at java.base/jdk.internal.reflect.DelegatingMethodAccessorImpl.invoke(DelegatingMethodAccessorImpl.java:43)
at java.base/java.lang.reflect.Method.invoke(Method.java:566)
at org.testng.internal.MethodInvocationHelper.invokeMethod(MethodInvocationHelper.java:133)
at org.testng.internal.MethodInvocationHelper.invokeMethodConsideringTimeout(MethodInvocationHelper.java:62)
at org.testng.internal.ConfigInvoker.invokeConfigurationMethod(ConfigInvoker.java:385)
at org.testng.internal.ConfigInvoker.invokeConfigurations(ConfigInvoker.java:321)
at org.testng.SuiteRunner.privateRun(SuiteRunner.java:344)
at org.testng.SuiteRunner.run(SuiteRunner.java:276)
at org.testng.SuiteRunnerWorker.runSuite(SuiteRunnerWorker.java:53)
at org.testng.SuiteRunnerWorker.run(SuiteRunnerWorker.java:96)
at org.testng.TestNG.runSuitesSequentially(TestNG.java:1212)
at org.testng.TestNG.runSuitesLocally(TestNG.java:1134)
at org.testng.TestNG.runSuites(TestNG.java:1063)
at org.testng.TestNG.run(TestNG.java:1031)
at org.testng.remote.AbstractRemoteTestNG.run(AbstractRemoteTestNG.java:115)
at org.testng.remote.RemoteTestNG.initAndRun(RemoteTestNG.java:251)
at org.testng.remote.RemoteTestNG.main(RemoteTestNG.java:77)
]]>
            </full-stacktrace>
          </exception> <!-- org.openqa.selenium.NoSuchSessionException -->
          <reporter-output>
          </reporter-output>
        </test-method> <!-- tearDown -->
      </class> <!-- WinAppDriver.WinAppDriver.NotepadTest -->
    </test> <!-- Test -->
  </suite> <!-- Suite -->
</testng-results>
