<?xml version="1.0" encoding="UTF-8"?>
<!-- Generated by org.testng.reporters.JUnitXMLReporter -->
<testsuite ignored="0" hostname="NPD-LT08" failures="0" tests="3" name="Default test" time="5.768" errors="0" timestamp="2022-05-15T14:43:19 BST">
  <testcase classname="WinAppDriver.WinAppDriver.NotepadTest" name="checkHelpAboutNowTest" time="1.001"/>
  <testcase classname="WinAppDriver.WinAppDriver.NotepadTest" name="sendTextTest" time="2.41"/>
  <testcase classname="WinAppDriver.WinAppDriver.NotepadTest" name="enterTimeAndDateTest" time="0.719"/>
</testsuite> <!-- Default test -->
