<?xml version="1.0" encoding="UTF-8"?>
<!-- Generated by org.testng.reporters.JUnitXMLReporter -->
<testsuite ignored="0" hostname="NPD-LT08" failures="0" tests="3" name="Test" time="5.831" errors="0" timestamp="2022-05-15T16:51:39 BST">
  <testcase classname="WinAppDriver.WinAppDriver.NotepadTest" name="checkHelpAboutNowTest" time="0.999"/>
  <testcase classname="WinAppDriver.WinAppDriver.NotepadTest" name="sendTextTest" time="2.414"/>
  <testcase classname="WinAppDriver.WinAppDriver.NotepadTest" name="enterTimeAndDateTest" time="0.729"/>
</testsuite> <!-- Test -->
